plugin64/build/outputs/mapping/debug/seeds.txt
com.skullshooter.ssplugin64.app.activities.OAuthVreifications: OAuthVreifications()
com.skullshooter.ssplugin64.app.services.CanvasDrawingPaints: void DrawFilledRect(android.graphics.Canvas,int,int,int,int,float,float,float,float)
com.skullshooter.ssplugin64.app.services.CanvasDrawingPaints: void drawRectAngle(android.graphics.Canvas,int,int,int,int,float,float,float,float,float)
com.skullshooter.ssplugin64.app.services.CanvasDrawingPaints: void DrawItems(android.graphics.Canvas,java.lang.String,float,float,float,float)
com.skullshooter.ssplugin64.app.activities.Daemon: Daemon()
com.skullshooter.ssplugin64.app.services.CanvasDrawingPaints: void InitializePaints()
com.skullshooter.ssplugin64.app.services.CanvasDrawingPaints: void DrawName(android.graphics.Canvas,int,int,int,int,java.lang.String,float,float,float)
com.skullshooter.ssplugin64.app.services.CanvasDrawingPaints: void DrawText(android.graphics.Canvas,int,int,int,int,java.lang.String,float,float,float)
com.skullshooter.ssplugin64.app.activities.Daemon: void onClick(android.view.View)
com.skullshooter.ssplugin64.app.services.CanvasDrawingPaints: void DrawOTH(android.graphics.Canvas,int,int,float,float)
com.skullshooter.ssplugin64.app.services.CanvasDrawingPaints: void DrawLineRadar(android.graphics.Canvas,int,int,int,int,float,float,float,float,float)
com.skullshooter.ssplugin64.app.services.CanvasDrawingPaints: void ClearCanvas(android.graphics.Canvas)
com.skullshooter.ssplugin64.app.activities.ActivitySettings
com.skullshooter.ssplugin64.app.services.CanvasDrawingPaints: void EnemyCount(android.graphics.Canvas,int,int,int,int,java.lang.String,float,float,float)
com.skullshooter.ssplugin64.app.activities.ActivitySettings: void onClick(android.view.View)
com.skullshooter.ssplugin64.app.services.CanvasDrawingPaints: void DrawTeamID(android.graphics.Canvas,int,int,int,int,int,float,float,float)
com.skullshooter.ssplugin64.app.services.CanvasDrawingPaints: void DrawVehicles(android.graphics.Canvas,java.lang.String,float,float,float,float)
com.skullshooter.ssplugin64.app.activities.OAuthVreifications
com.skullshooter.ssplugin64.app.services.CanvasDrawingPaints: void DrawFilledCircle(android.graphics.Canvas,int,int,int,int,float,float,float)
com.skullshooter.ssplugin64.app.services.CanvasDrawingPaints: void DrawWeapon(android.graphics.Canvas,int,int,int,int,int,int,float,float,float)
com.skullshooter.ssplugin64.app.services.CanvasDrawingPaints: void DrawTextName(android.graphics.Canvas,int,int,int,int,java.lang.String,float,float,float)
com.skullshooter.ssplugin64.app.services.CanvasDrawingPaints: void DebugText(java.lang.String)
com.skullshooter.ssplugin64.app.services.CanvasDrawingPaints: void DrawActorsCount(android.graphics.Canvas,int,float,float)
com.skullshooter.ssplugin64.app.services.CanvasDrawingPaints: CanvasDrawingPaints(android.content.Context)
com.skullshooter.ssplugin64.app.activities.OAuthVreifications: void onClick(android.view.View)
com.skullshooter.ssplugin64.app.activities.ActivityExecutionModes: ActivityExecutionModes()
com.skullshooter.ssplugin64.app.services.CanvasDrawingPaints: android.graphics.Bitmap scale(android.graphics.Bitmap,int,int)
com.skullshooter.ssplugin64.app.services.CanvasDrawingPaints: void DrawText1(android.graphics.Canvas,int,int,int,int,java.lang.String,float,float,float)
com.skullshooter.ssplugin64.app.activities.ActivityHelp
com.skullshooter.ssplugin64.app.services.CanvasDrawingPaints: void run()
com.skullshooter.ssplugin64.app.activities.Daemon
com.skullshooter.ssplugin64.app.services.CanvasDrawingPaints: void DrawTextWarning(android.graphics.Canvas,int,int,int,int,java.lang.String,float,float,float)
com.skullshooter.ssplugin64.app.activities.ActivityHelp: ActivityHelp()
com.skullshooter.ssplugin64.app.services.CanvasDrawingPaints: void DrawFOV(android.graphics.Canvas,int,int,int,int,float,float,float,float)
...
com.google.android.material.appbar.HeaderScrollingViewBehavior: HeaderScrollingViewBehavior(android.content.Context,android.util.AttributeSet)
androidx.appcompat.widget.SearchView: void setOnSuggestionListener(androidx.appcompat.widget.SearchView$OnSuggestionListener)
androidx.appcompat.widget.ButtonBarLayout: int getMinimumHeight()
com.google.android.material.textfield.TextInputLayout: void setErrorIconDrawable(android.graphics.drawable.Drawable)
com.github.matteobattilana.weather.WeatherView
com.google.android.material.textfield.TextInputLayout: void setMinWidthResource(int)
androidx.cardview.widget.CardView: void setMinimumWidth(int)
com.google.android.material.card.MaterialCardView: int getStrokeColor()
com.github.matteobattilana.weather.WeatherView: int getSpeed()
com.google.android.material.floatingactionbutton.FloatingActionButton: int getCustomSize()
com.google.android.material.internal.FlowLayout: void setItemSpacing(int)
androidx.appcompat.widget.ActionBarContainer: void setSplitBackground(android.graphics.drawable.Drawable)
androidx.loader.app.LoaderManagerImpl$LoaderViewModel: LoaderManagerImpl$LoaderViewModel()
androidx.recyclerview.widget.RecyclerView
com.google.android.material.appbar.AppBarLayout$ScrollingViewBehavior
androidx.lifecycle.SingleGeneratedAdapterObserver
com.google.android.material.button.MaterialButton: void setIconGravity(int)
com.google.android.material.floatingactionbutton.FloatingActionButton: void setSize(int)
androidx.recyclerview.widget.RecyclerView$LayoutManager: RecyclerView$LayoutManager()
androidx.appcompat.widget.AppCompatButton: void setSupportAllCaps(boolean)
com.google.android.material.textfield.TextInputLayout: void setStartIconOnClickListener(android.view.View$OnClickListener)
androidx.appcompat.widget.SearchView: SearchView(android.content.Context,android.util.AttributeSet,int)
androidx.appcompat.widget.Toolbar: java.lang.CharSequence getCollapseContentDescription()
com.google.android.material.chip.Chip: void setChipIconVisible(boolean)
com.google.android.material.appbar.MaterialToolbar: void setTitleCentered(boolean)
a.d: d()
androidx.appcompat.widget.AppCompatCheckBox: void setButtonDrawable(int)
androidx.appcompat.widget.AppCompatSpinner: android.content.res.ColorStateList getSupportBackgroundTintList()
androidx.appcompat.widget.LinearLayoutCompat
com.google.android.material.snackbar.BaseTransientBottomBar$SnackbarBaseLayout: void setBackgroundTintMode(android.graphics.PorterDuff$Mode)
com.google.android.material.textfield.TextInputLayout: int getMinEms()
androidx.appcompat.widget.LinearLayoutCompat: android.graphics.drawable.Drawable getDividerDrawable()
androidx.appcompat.widget.ActionMenuView: void setExpandedActionViewsExclusive(boolean)
androidx.constraintlayout.widget.Placeholder: void setEmptyVisibility(int)
com.google.android.material.textfield.TextInputLayout: void setDefaultHintTextColor(android.content.res.ColorStateList)
com.google.android.material.textfield.TextInputLayout: float getBoxCornerRadiusTopEnd()
androidx.appcompat.widget.AppCompatSpinner: android.content.Context getPopupContext()
com.google.android.material.textfield.TextInputLayout: java.lang.CharSequence getErrorContentDescription()
androidx.vectordrawable.graphics.drawable.VectorDrawableCompat$VGroup
com.google.android.material.textfield.TextInputLayout: com.google.android.material.internal.CheckableImageButton getEndIconToUpdateDummyDrawable()
androidx.recyclerview.widget.RecyclerView: boolean getPreserveFocusAfterLayout()
com.google.android.material.chip.Chip: void setChipStrokeColor(android.content.res.ColorStateList)
androidx.appcompat.widget.Toolbar: int getTitleMarginStart()
androidx.coordinatorlayout.widget.CoordinatorLayout: void setFitsSystemWindows(boolean)
com.google.android.material.chip.Chip: void setIconEndPaddingResource(int)
androidx.appcompat.widget.ContentFrameLayout: android.util.TypedValue getMinWidthMajor()