plugin64/build/outputs/mapping/debug/mapping.txt
# compiler: R8
# compiler_version: 2.1.62
# min_api: 18
# pg_map_id: 5e90e77
# common_typos_disable
com.skullshooter.ssplugin64.app.activities.-$$Lambda$ActivityExecutionModes$nQ6cr-Z_NoSH5QIpTvNbVdcCKGM -> c.c.a.a.a.a:
    com.skullshooter.ssplugin64.app.activities.ActivityExecutionModes f$0 -> b
    com.github.matteobattilana.weather.WeatherView f$1 -> c
com.skullshooter.ssplugin64.app.activities.-$$Lambda$ActivityExecutionModes$vb78WjEp7ToLeCqsgHvOCw9kJzo -> c.c.a.a.a.b:
    com.github.matteobattilana.weather.WeatherView f$1 -> c
    java.lang.String f$0 -> b
com.skullshooter.ssplugin64.app.activities.-$$Lambda$ActivityHelp$2hcBB6GEL2zy_2U_BsbHdvm0Mpo -> c.c.a.a.a.c:
    com.github.matteobattilana.weather.WeatherView f$1 -> c
    java.lang.String f$0 -> b
com.skullshooter.ssplugin64.app.activities.-$$Lambda$ActivityHelp$l81L0PvNyn2k-sB2lohZDQCB_S4 -> c.c.a.a.a.d:
    com.github.matteobattilana.weather.WeatherView f$1 -> c
    com.skullshooter.ssplugin64.app.activities.ActivityHelp f$0 -> b
com.skullshooter.ssplugin64.app.activities.-$$Lambda$ActivitySettings$9Qq-aeIx8AwqmsfG2pjg55lbKxM -> c.c.a.a.a.e:
    com.github.matteobattilana.weather.WeatherView f$1 -> c
    com.skullshooter.ssplugin64.app.activities.ActivitySettings f$0 -> b
com.skullshooter.ssplugin64.app.activities.-$$Lambda$ActivitySettings$U7EZcGfzBVtACPm9ajHoMaX8Qv4 -> c.c.a.a.a.f:
    com.github.matteobattilana.weather.WeatherView f$1 -> c
    java.lang.String f$0 -> b
com.skullshooter.ssplugin64.app.activities.-$$Lambda$OAuthVreifications$-g3mUwGP6cQKVFMCzxNDbkrYRiM -> c.c.a.a.a.g:
    com.github.matteobattilana.weather.WeatherView f$1 -> c
    java.lang.String f$0 -> b
com.skullshooter.ssplugin64.app.activities.-$$Lambda$OAuthVreifications$7iEdb85SF5VlEoPP5Eml7TAEWlg -> c.c.a.a.a.h:
    com.skullshooter.ssplugin64.app.activities.OAuthVreifications f$0 -> b
com.skullshooter.ssplugin64.app.activities.-$$Lambda$OAuthVreifications$FiFrCDdSJfjlsU2JMrdUMz2kxhc -> c.c.a.a.a.i:
    com.skullshooter.ssplugin64.app.activities.OAuthVreifications f$0 -> b
com.skullshooter.ssplugin64.app.activities.-$$Lambda$OAuthVreifications$_FLBK6mMw5ypxzHT9h8h7fL2WWs -> c.c.a.a.a.j:
    com.skullshooter.ssplugin64.app.activities.OAuthVreifications f$0 -> b
    com.skullshooter.ssplugin64.app.activities.OAuthVreifications$downloadNativev8 f$1 -> c
com.skullshooter.ssplugin64.app.activities.-$$Lambda$OAuthVreifications$f885NRft7YTIfMDmVZvyyi_apj0 -> c.c.a.a.a.k:
    com.skullshooter.ssplugin64.app.activities.OAuthVreifications f$0 -> b
com.skullshooter.ssplugin64.app.activities.-$$Lambda$OAuthVreifications$iTbLuvkPDi59Kz_Tc0HWNSgsRKM -> c.c.a.a.a.l:
    com.skullshooter.ssplugin64.app.activities.OAuthVreifications$downloadNativev8 f$0 -> b
    java.lang.String f$1 -> c
com.skullshooter.ssplugin64.app.activities.-$$Lambda$OAuthVreifications$mKYkKJ2ufEEG1l9S166l6YgaGkM -> c.c.a.a.a.m:
    com.skullshooter.ssplugin64.app.activities.OAuthVreifications f$0 -> b
    java.lang.Exception f$1 -> c
com.skullshooter.ssplugin64.app.activities.-$$Lambda$OAuthVreifications$zh3cxopjvUdGAMzYpyc-T8CMfYY -> c.c.a.a.a.n:
    com.skullshooter.ssplugin64.app.activities.OAuthVreifications f$0 -> b
    com.github.matteobattilana.weather.WeatherView f$1 -> c
...
androidx.collection.MapCollections$MapIterator -> b.e.f$d:
    androidx.collection.MapCollections this$0 -> e
    int mEnd -> b
    int mIndex -> c
    boolean mEntryValid -> d
    77:82:void <init>(androidx.collection.MapCollections) -> <init>
    91:94:java.util.Map$Entry next() -> a
    137:146:boolean equals(java.lang.Object) -> equals
    110:114:java.lang.Object getKey() -> getKey
    119:123:java.lang.Object getValue() -> getValue
    86:86:boolean hasNext() -> hasNext
    151:158:int hashCode() -> hashCode
    74:74:java.lang.Object next() -> next
    99:106:void remove() -> remove
    128:132:java.lang.Object setValue(java.lang.Object) -> setValue
    163:163:java.lang.String toString() -> toString
androidx.collection.MapCollections$ValuesCollection -> b.e.f$e:
    androidx.collection.MapCollections this$0 -> b
    357:357:void <init>(androidx.collection.MapCollections) -> <init>
    361:361:boolean add(java.lang.Object) -> add
    366:366:boolean addAll(java.util.Collection) -> addAll
    371:372:void clear() -> clear
    376:376:boolean contains(java.lang.Object) -> contains
    381:387:boolean containsAll(java.util.Collection) -> containsAll
    392:392:boolean isEmpty() -> isEmpty
    397:397:java.util.Iterator iterator() -> iterator
    402:407:boolean remove(java.lang.Object) -> remove
    412:423:boolean removeAll(java.util.Collection) -> removeAll
    428:439:boolean retainAll(java.util.Collection) -> retainAll
    444:444:int size() -> size
    449:449:java.lang.Object[] toArray() -> toArray
    454:454:java.lang.Object[] toArray(java.lang.Object[]) -> toArray
androidx.collection.SimpleArrayMap -> b.e.g:
    java.lang.Object[] mBaseCache -> e
    java.lang.Object[] mArray -> c
    int[] mHashes -> b
    int mTwiceBaseCacheSize -> h
    int mBaseCacheSize -> f
    int mSize -> d
    java.lang.Object[] mTwiceBaseCache -> g
    236:240:void <init>() -> <init>
    246:254:void <init>(int) -> <init>
    260:264:void <init>(androidx.collection.SimpleArrayMap) -> <init>
    165:197:void allocArrays(int) -> a
    77:80:int binarySearchHashes(int[],int,int) -> b
    289:303:void ensureCapacity(int) -> c
    270:282:void clear() -> clear
    312:312:boolean containsKey(java.lang.Object) -> containsKey
    352:352:boolean containsValue(java.lang.Object) -> containsValue
    201:230:void freeArrays(int[],java.lang.Object[],int) -> d
    88:122:int indexOf(java.lang.Object,int) -> e
    681:735:boolean equals(java.lang.Object) -> equals
    322:322:int indexOfKey(java.lang.Object) -> f
    126:160:int indexOfNull() -> g
    369:369:java.lang.Object get(java.lang.Object) -> get
    380:381:java.lang.Object getOrDefault(java.lang.Object,java.lang.Object) -> getOrDefault
    326:341:int indexOfValue(java.lang.Object) -> h
    743:750:int hashCode() -> hashCode
    390:390:java.lang.Object keyAt(int) -> i
    419:419:boolean isEmpty() -> isEmpty
    498:511:void putAll(androidx.collection.SimpleArrayMap) -> j
    570:626:java.lang.Object removeAt(int) -> k
    409:412:java.lang.Object setValueAt(int,java.lang.Object) -> l
androidx.collection.SparseArrayCompat -> b.e.h:
    java.lang.Object[] mValues -> d
    java.lang.Object DELETED -> f
    int[] mKeys -> c
    int mSize -> e
    boolean mGarbage -> b
    51:51:void <clinit>() -> <clinit>
    62:63:void <init>() -> <init>
    52:81:void <init>(int) -> <init>
    460:487:void append(int,java.lang.Object) -> a
    444:453:void clear() -> b
    88:94:androidx.collection.SparseArrayCompat clone() -> c
    50:50:java.lang.Object clone() -> clone
    230:253:void gc() -> d
    109:109:java.lang.Object get(int) -> e
    118:123:java.lang.Object get(int,java.lang.Object) -> f
    419:427:int indexOfValue(java.lang.Object) -> g
    361:365:int keyAt(int) -> h
    261:305:void put(int,java.lang.Object) -> i
    139:147:void remove(int) -> j
    340:344:int size() -> k
    375:379:java.lang.Object valueAt(int) -> l
    498:519:java.lang.String toString() -> toString