plugin64/build/outputs/mapping/debug/usage.txt
com.skullshooter.ssplugin64.app.R$mipmap
com.skullshooter.ssplugin64.app.secureENC.SecurePreferences$Editor
com.skullshooter.ssplugin64.app.R$xml
com.skullshooter.ssplugin64.app.R$animator
com.skullshooter.ssplugin64.app.services.CanvasDrawingPaints:
    private static final int clip(int)
    private void initAnimation()
    private void blinking()
    static synthetic void access$100(com.skullshooter.ssplugin64.app.services.CanvasDrawingPaints)
    private android.graphics.Path[] paths
    public android.view.animation.Animation animation
    android.graphics.Bitmap bitmap2
    android.graphics.Bitmap out2
    private static int colorItem
    private static final int FADE_MILLISECONDS
    private static final int FADE_STEP
    private static final int ALPHA_STEP
com.skullshooter.ssplugin64.app.services.CanvasDrawingPaints$2$1
com.skullshooter.ssplugin64.app.activities.Daemon$7
com.skullshooter.ssplugin64.app.secureENC.RShared
com.skullshooter.ssplugin64.app.R$attr
com.skullshooter.ssplugin64.app.R$anim
com.skullshooter.ssplugin64.app.secureENC.SecurePreferences
com.skullshooter.ssplugin64.app.R$plurals
com.skullshooter.ssplugin64.app.preferences.Preferences:
    private void <init>(android.content.Context,java.lang.String)
    public static com.skullshooter.ssplugin64.app.preferences.Preferences with(android.content.Context,boolean)
    public static com.skullshooter.ssplugin64.app.preferences.Preferences with(android.content.Context,java.lang.String)
    public static com.skullshooter.ssplugin64.app.preferences.Preferences with(android.content.Context,java.lang.String,boolean)
    static synthetic android.content.SharedPreferences access$000(com.skullshooter.ssplugin64.app.preferences.Preferences)
    static synthetic java.lang.String access$100(java.lang.String)
    public java.lang.String getString(java.lang.String,java.lang.String)
    public java.lang.String getEncryptedString(java.lang.String,java.lang.String)
    public java.util.Map getAll()
    public int readInt(java.lang.String,int)
    public void writeInt(java.lang.String,int)
    public double readDouble(java.lang.String)
    public double readDouble(java.lang.String,double)
    public void writeDouble(java.lang.String,double)
    public float readFloat(java.lang.String)
    public float readFloat(java.lang.String,float)
    public void writeFloat(java.lang.String,float)
    public long readLong(java.lang.String)
    public long readLong(java.lang.String,long)
    public void writeLong(java.lang.String,long)
    public boolean readBoolean(java.lang.String)
com.skullshooter.ssplugin64.app.R$string
com.skullshooter.ssplugin64.app.secureENC.RSA:
    public void <init>()
    private static java.lang.String bytesToHex(byte[])
    public static java.lang.String readStream(java.io.InputStream)
    public static java.lang.String SHA256(java.lang.String)
    private static void deleteFilesInDir(java.io.File)
    public static byte[] loaderDecrypt(byte[])
    public static java.lang.String profileDecrypt(java.lang.String,java.lang.String)
    public static java.lang.String toBase64(java.lang.String)
    public static java.lang.String toBase64(byte[])
    public static byte[] fromBase64(java.lang.String)
    public static java.lang.String fromBase64String(java.lang.String)
    public static java.security.PublicKey getPublicKey(byte[])
    public static java.lang.String encrypt(java.lang.String,byte[])
    public static boolean verify(java.lang.String,java.lang.String,byte[])
    private static final java.lang.String ALLOWED_CHARACTERS
com.skullshooter.ssplugin64.app.activities.Daemon$8
com.skullshooter.ssplugin64.app.services.WindowOverlay:
    public static void Stop(android.content.Context)
    android.view.View mFloatingView
...
androidx.appcompat.app.AlertController:
    public void setButtonPanelLayoutHint(int)
    public android.widget.Button getButton(int)
androidx.recyclerview.widget.AsyncListDiffer$1$2
com.google.android.material.transition.platform.MaterialContainerTransformSharedElementCallback$2
com.google.android.material.transition.FitModeEvaluators
kotlin.collections.MutableMapWithDefault
androidx.core.view.DisplayCutoutCompat:
    public void <init>(android.graphics.Rect,java.util.List)
    public void <init>(androidx.core.graphics.Insets,android.graphics.Rect,android.graphics.Rect,android.graphics.Rect,android.graphics.Rect,androidx.core.graphics.Insets)
    private static android.view.DisplayCutout constructDisplayCutout(androidx.core.graphics.Insets,android.graphics.Rect,android.graphics.Rect,android.graphics.Rect,android.graphics.Rect,androidx.core.graphics.Insets)
    public java.util.List getBoundingRects()
    public androidx.core.graphics.Insets getWaterfallInsets()
    android.view.DisplayCutout unwrap()
kotlin.collections.CollectionsKt___CollectionsKt
androidx.vectordrawable.graphics.drawable.AnimationUtilsCompat:
    private void <init>()
androidx.annotation.DoNotInline
androidx.appcompat.widget.ActivityChooserModel$DefaultSorter
android.support.v4.os.ResultReceiver$MyResultReceiver
androidx.constraintlayout.solver.state.helpers.HorizontalChainReference$1
androidx.constraintlayout.solver.ArrayRow$ArrayRowVariables:
    public abstract int indexOf(androidx.constraintlayout.solver.SolverVariable)
    public abstract void display()
    public abstract int sizeInBytes()
androidx.annotation.experimental.R
kotlin.jvm.internal.MutablePropertyReference0Impl
androidx.core.view.WindowInsetsAnimationControllerCompat$Impl
kotlin.collections.EmptyList
kotlin.random.PlatformRandom
org.intellij.lang.annotations.Subst
androidx.recyclerview.widget.TileList
kotlin.text.Regex$Companion
androidx.dynamicanimation.R
androidx.core.widget.TintableCompoundButton:
    public abstract android.graphics.PorterDuff$Mode getSupportButtonTintMode()
kotlin.jvm.internal.PropertyReference0
com.plattysoft.leonids.ParticleSystem$ParticleTimerTask
kotlin.collections.ReversedListReadOnly
com.google.android.material.snackbar.SnackbarManager:
    public void show(int,com.google.android.material.snackbar.SnackbarManager$Callback)
    public boolean isCurrent(com.google.android.material.snackbar.SnackbarManager$Callback)
    static final int MSG_TIMEOUT
    private static final int SHORT_DURATION_MS
    private static final int LONG_DURATION_MS
kotlin.collections.CollectionsKt__MutableCollectionsJVMKt
com.google.android.material.floatingactionbutton.FloatingActionButton$Size
kotlin.text.MatcherMatchResult$groups$1
androidx.core.view.WindowInsetsAnimationCompat$Impl21$Impl21OnApplyWindowInsetsListener$1
androidx.constraintlayout.widget.R$interpolator
androidx.constraintlayout.solver.state.helpers.BarrierReference
com.plattysoft.leonids.ParticleSystem$2
androidx.localbroadcastmanager.content.LocalBroadcastManager$BroadcastRecord
kotlin.collections.ArraysKt___ArraysKt$withIndex$7
com.google.android.material.progressindicator.AnimatorDurationScaleProvider
kotlin.coroutines.intrinsics.IntrinsicsKt__IntrinsicsJvmKt
androidx.core.app.RemoteInput$EditChoicesBeforeSending
androidx.transition.Transition$MatchOrder
androidx.core.app.NotificationCompat$BubbleMetadata$Api30Impl
androidx.viewpager.widget.PagerTitleStrip
androidx.core.hardware.fingerprint.FingerprintManagerCompat$1